<?xml version="1.0" encoding="UTF-8"?>
<testsuite name="com.sonocent.Question6Test" tests="2" skipped="0" failures="0" errors="0" timestamp="2019-12-04T13:59:00" hostname="SBGML02344" time="0.031">
  <properties/>
  <testcase name="Should return true if the word is anagram()" classname="com.sonocent.Question6Test" time="0.029"/>
  <testcase name="Should return false if the word is not anagram()" classname="com.sonocent.Question6Test" time="0.001"/>
  <system-out><![CDATA[]]></system-out>
  <system-err><![CDATA[]]></system-err>
</testsuite>
